<?xml version="1.0" encoding="UTF-8"?>
<!-- Generated by org.testng.reporters.JUnitReportReporter -->
<testsuite hostname="chouman" name="mil.dtic.selenium.RunTest" tests="1" failures="0" timestamp="14 Jun 2020 15:19:26 GMT" time="29.991" errors="0">
  <testcase name="readExcel" time="29.991" classname="mil.dtic.selenium.RunTest"/>
</testsuite> <!-- mil.dtic.selenium.RunTest -->
